#
# There is insufficient memory for the Java Runtime Environment to continue.
# Native memory allocation (mmap) failed to map 266338304 bytes for Failed to commit area from 0x0000000702e00000 to 0x0000000712c00000 of length 266338304.
# Possible reasons:
#   The system is out of physical RAM or swap space
#   The process is running with CompressedOops enabled, and the Java Heap may be blocking the growth of the native heap
# Possible solutions:
#   Reduce memory load on the system
#   Increase physical memory or swap space
#   Check if swap backing store is full
#   Decrease Java heap size (-Xmx/-Xms)
#   Decrease number of Java threads
#   Decrease Java thread stack sizes (-Xss)
#   Set larger code cache with -XX:ReservedCodeCacheSize=
# This output file may be truncated or incomplete.
#
#  Out of Memory Error (t:/workspace/open/src/hotspot/os/windows/os_windows.cpp:3301), pid=34988, tid=8432
#
# JRE version:  (13.0.2+8) (build )
# Java VM: Java HotSpot(TM) 64-Bit Server VM (13.0.2+8, mixed mode, sharing, tiered, compressed oops, g1 gc, windows-amd64)
# No core dump will be written. Minidumps are not enabled by default on client versions of Windows
#

---------------  S U M M A R Y ------------

Command Line: -agentlib:jdwp=transport=dt_socket,address=127.0.0.1:51510,suspend=y,server=n -javaagent:C:\Users\rogeriofontes\AppData\Local\JetBrains\IdeaIC2021.2\captureAgent\debugger-agent.jar -Dfile.encoding=UTF-8 br.com.unipac.protocolo.protocoloapi.Run

Host: Intel(R) Core(TM) i7-9750H CPU @ 2.60GHz, 12 cores, 15G,  Windows 10 , 64 bit Build 19041 (10.0.19041.1202)
Time: Thu Oct  7 20:38:41 2021 Hora oficial do Brasil elapsed time: 0 seconds (0d 0h 0m 0s)

---------------  T H R E A D  ---------------

Current thread (0x0000024aa022e800):  JavaThread "Unknown thread" [_thread_in_vm, id=8432, stack(0x0000008632d00000,0x0000008632e00000)]

Stack: [0x0000008632d00000,0x0000008632e00000]
Native frames: (J=compiled Java code, j=interpreted, Vv=VM code, C=native code)
V  [jvm.dll+0x624f9a]
V  [jvm.dll+0x770cfa]
V  [jvm.dll+0x7724af]
V  [jvm.dll+0x772ab3]
V  [jvm.dll+0x24bf08]
V  [jvm.dll+0x6222aa]
V  [jvm.dll+0x6170b5]
V  [jvm.dll+0x30a88c]
V  [jvm.dll+0x30a6c2]
V  [jvm.dll+0x30fe36]
V  [jvm.dll+0x353f46]
V  [jvm.dll+0x353720]
V  [jvm.dll+0x2e550a]
V  [jvm.dll+0x2e67a2]
V  [jvm.dll+0x74dd78]
V  [jvm.dll+0x361989]
V  [jvm.dll+0x730e65]
V  [jvm.dll+0x3cc53f]
V  [jvm.dll+0x3ce861]
C  [jli.dll+0x51ff]
C  [ucrtbase.dll+0x21bb2]
C  [KERNEL32.DLL+0x17034]
C  [ntdll.dll+0x52651]


---------------  P R O C E S S  ---------------

Threads class SMR info:
_java_thread_list=0x00007ffda7afccb8, length=0, elements={
}

Java Threads: ( => current thread )

Other Threads:
  0x0000024aa2511000 GCTaskThread "GC Thread#0" [stack: 0x0000008632e00000,0x0000008632f00000] [id=2296]
  0x0000024aa2532800 ConcurrentGCThread "G1 Main Marker" [stack: 0x0000008632f00000,0x0000008633000000] [id=12624]
  0x0000024aa2535800 ConcurrentGCThread "G1 Conc#0" [stack: 0x0000008633000000,0x0000008633100000] [id=24568]

[error occurred during error reporting (printing all threads), id 0xc0000005, EXCEPTION_ACCESS_VIOLATION (0xc0000005) at pc=0x00007ffda73351d7]

VM state:not at safepoint (not fully initialized)

VM Mutex/Monitor currently owned by a thread:  ([mutex/lock_event])
[0x0000024aa24a5bf0] Heap_lock - owner thread: 0x0000024aa022e800

Heap address: 0x0000000702e00000, size: 4050 MB, Compressed Oops mode: Non-zero based: 0x0000000702e00000
Narrow klass base: 0x0000000000000000, Narrow klass shift: 0

GC Heap History (0 events):
No events

Deoptimization events (0 events):
No events

Classes unloaded (0 events):
No events

Classes redefined (0 events):
No events

Internal exceptions (0 events):
No events

Events (2 events):
Event: 0.020 Loaded shared library C:\Program Files\Java\jdk-13.0.2\bin\zip.dll
Event: 0.020 Loaded shared library C:\Program Files\Java\jdk-13.0.2\bin\jimage.dll


Dynamic libraries:
0x00007ff677090000 - 0x00007ff67709f000 	C:\Program Files\Java\jdk-13.0.2\bin\java.exe
0x00007ffe29bd0000 - 0x00007ffe29dc5000 	C:\WINDOWS\SYSTEM32\ntdll.dll
0x00007ffe29850000 - 0x00007ffe2990e000 	C:\WINDOWS\System32\KERNEL32.DLL
0x00007ffe27640000 - 0x00007ffe27909000 	C:\WINDOWS\System32\KERNELBASE.dll
0x00007ffe27910000 - 0x00007ffe27a10000 	C:\WINDOWS\System32\ucrtbase.dll
0x00007ffe1db10000 - 0x00007ffe1db25000 	C:\Program Files\Java\jdk-13.0.2\bin\VCRUNTIME140.dll
0x00007ffe1daf0000 - 0x00007ffe1db08000 	C:\Program Files\Java\jdk-13.0.2\bin\jli.dll
0x00007ffe28f60000 - 0x00007ffe2900c000 	C:\WINDOWS\System32\ADVAPI32.dll
0x00007ffe29190000 - 0x00007ffe2922e000 	C:\WINDOWS\System32\msvcrt.dll
0x00007ffe28ec0000 - 0x00007ffe28f5b000 	C:\WINDOWS\System32\sechost.dll
0x00007ffe28d90000 - 0x00007ffe28eba000 	C:\WINDOWS\System32\RPCRT4.dll
0x00007ffe28b50000 - 0x00007ffe28cf1000 	C:\WINDOWS\System32\USER32.dll
0x00007ffe275e0000 - 0x00007ffe27602000 	C:\WINDOWS\System32\win32u.dll
0x00007ffe0ef70000 - 0x00007ffe0f20a000 	C:\WINDOWS\WinSxS\amd64_microsoft.windows.common-controls_6595b64144ccf1df_6.0.19041.1110_none_60b5254171f9507e\COMCTL32.dll
0x00007ffe28190000 - 0x00007ffe281bb000 	C:\WINDOWS\System32\GDI32.dll
0x00007ffe27a60000 - 0x00007ffe27b6b000 	C:\WINDOWS\System32\gdi32full.dll
0x00007ffe272f0000 - 0x00007ffe2738d000 	C:\WINDOWS\System32\msvcp_win.dll
0x00007ffe202b0000 - 0x00007ffe202ba000 	C:\WINDOWS\SYSTEM32\VERSION.dll
0x00007ffe28d00000 - 0x00007ffe28d30000 	C:\WINDOWS\System32\IMM32.DLL
0x00007ffdef6d0000 - 0x00007ffdef76b000 	C:\Program Files\Java\jdk-13.0.2\bin\msvcp140.dll
0x00007ffda7040000 - 0x00007ffda7b9d000 	C:\Program Files\Java\jdk-13.0.2\bin\server\jvm.dll
0x00007ffe28340000 - 0x00007ffe28348000 	C:\WINDOWS\System32\PSAPI.DLL
0x00007ffe17d90000 - 0x00007ffe17d99000 	C:\WINDOWS\SYSTEM32\WSOCK32.dll
0x00007ffe29290000 - 0x00007ffe292fb000 	C:\WINDOWS\System32\WS2_32.dll
0x00007ffe1b940000 - 0x00007ffe1b967000 	C:\WINDOWS\SYSTEM32\WINMM.dll
0x00007ffe25b30000 - 0x00007ffe25b42000 	C:\WINDOWS\SYSTEM32\kernel.appcore.dll
0x00007ffe212f0000 - 0x00007ffe21300000 	C:\Program Files\Java\jdk-13.0.2\bin\verify.dll
0x00007ffe250c0000 - 0x00007ffe252a4000 	C:\WINDOWS\SYSTEM32\DBGHELP.DLL
0x00007ffe1eda0000 - 0x00007ffe1edcc000 	C:\WINDOWS\SYSTEM32\dbgcore.DLL
0x00007ffe27550000 - 0x00007ffe275d3000 	C:\WINDOWS\System32\bcryptPrimitives.dll
0x00007ffe1d900000 - 0x00007ffe1d926000 	C:\Program Files\Java\jdk-13.0.2\bin\java.dll
0x00007ffe0d6c0000 - 0x00007ffe0d6f8000 	C:\Program Files\Java\jdk-13.0.2\bin\jdwp.dll
0x00007ffe21100000 - 0x00007ffe2110e000 	C:\Program Files\Java\jdk-13.0.2\bin\instrument.dll
0x00007ffe1d8e0000 - 0x00007ffe1d8f7000 	C:\Program Files\Java\jdk-13.0.2\bin\zip.dll
0x00007ffe212d0000 - 0x00007ffe212da000 	C:\Program Files\Java\jdk-13.0.2\bin\jimage.dll

dbghelp: loaded successfully - version: 4.0.5 - missing functions: none
symbol engine: initialized successfully - sym options: 0x614 - pdb path: .;C:\Program Files\Java\jdk-13.0.2\bin;C:\WINDOWS\SYSTEM32;C:\WINDOWS\WinSxS\amd64_microsoft.windows.common-controls_6595b64144ccf1df_6.0.19041.1110_none_60b5254171f9507e;C:\Program Files\Java\jdk-13.0.2\bin\server

VM Arguments:
jvm_args: -agentlib:jdwp=transport=dt_socket,address=127.0.0.1:51510,suspend=y,server=n -javaagent:C:\Users\rogeriofontes\AppData\Local\JetBrains\IdeaIC2021.2\captureAgent\debugger-agent.jar -Dfile.encoding=UTF-8 
java_command: br.com.unipac.protocolo.protocoloapi.Run
java_class_path (initial): D:\dev\unipac\morador-api\morador-api\target\classes;C:\Users\rogeriofontes\.m2\repository\org\springframework\boot\spring-boot-starter-data-jpa\2.5.5\spring-boot-starter-data-jpa-2.5.5.jar;C:\Users\rogeriofontes\.m2\repository\org\springframework\boot\spring-boot-starter-aop\2.5.5\spring-boot-starter-aop-2.5.5.jar;C:\Users\rogeriofontes\.m2\repository\org\springframework\spring-aop\5.3.10\spring-aop-5.3.10.jar;C:\Users\rogeriofontes\.m2\repository\org\aspectj\aspectjweaver\1.9.7\aspectjweaver-1.9.7.jar;C:\Users\rogeriofontes\.m2\repository\org\springframework\boot\spring-boot-starter-jdbc\2.5.5\spring-boot-starter-jdbc-2.5.5.jar;C:\Users\rogeriofontes\.m2\repository\com\zaxxer\HikariCP\4.0.3\HikariCP-4.0.3.jar;C:\Users\rogeriofontes\.m2\repository\org\springframework\spring-jdbc\5.3.10\spring-jdbc-5.3.10.jar;C:\Users\rogeriofontes\.m2\repository\jakarta\transaction\jakarta.transaction-api\1.3.3\jakarta.transaction-api-1.3.3.jar;C:\Users\rogeriofontes\.m2\repository\jakarta\persistence\jakarta.persistence-api\2.2.3\jakarta.persistence-api-2.2.3.jar;C:\Users\rogeriofontes\.m2\repository\org\hibernate\hibernate-core\5.4.32.Final\hibernate-core-5.4.32.Final.jar;C:\Users\rogeriofontes\.m2\repository\org\jboss\logging\jboss-logging\3.4.2.Final\jboss-logging-3.4.2.Final.jar;C:\Users\rogeriofontes\.m2\repository\org\javassist\javassist\3.27.0-GA\javassist-3.27.0-GA.jar;C:\Users\rogeriofontes\.m2\repository\net\bytebuddy\byte-buddy\1.10.22\byte-buddy-1.10.22.jar;C:\Users\rogeriofontes\.m2\repository\antlr\antlr\2.7.7\antlr-2.7.7.jar;C:\Users\rogeriofontes\.m2\repository\org\jboss\jandex\2.2.3.Final\jandex-2.2.3.Final.jar;C:\Users\rogeriofontes\.m2\repository\com\fasterxml\classmate\1.5.1\classmate-1.5.1.jar;C:\Users\rogeriofontes\.m2\repository\org\dom4j\dom4j\2.1.3\dom4j-2.1.3.jar;C:\Users\rogeriofontes\.m2\repository\org\hibernate\common\hibernate-commons-annotations\5.1.2.Final\hibernate-commons-annotations-5.1.2.Final.jar;C:\Users\rogeriofon
Launcher Type: SUN_STANDARD

[Global flags]
     intx CICompilerCount                          = 4                                         {product} {ergonomic}
     uint ConcGCThreads                            = 3                                         {product} {ergonomic}
     uint G1ConcRefinementThreads                  = 10                                        {product} {ergonomic}
   size_t G1HeapRegionSize                         = 1048576                                   {product} {ergonomic}
    uintx GCDrainStackTargetSize                   = 64                                        {product} {ergonomic}
   size_t InitialHeapSize                          = 266338304                                 {product} {ergonomic}
   size_t MarkStackSize                            = 4194304                                   {product} {ergonomic}
   size_t MaxHeapSize                              = 4246732800                                {product} {ergonomic}
   size_t MinHeapDeltaBytes                        = 1048576                                   {product} {ergonomic}
   size_t MinHeapSize                              = 8388608                                   {product} {ergonomic}
    uintx NonNMethodCodeHeapSize                   = 5839372                                {pd product} {ergonomic}
    uintx NonProfiledCodeHeapSize                  = 122909434                              {pd product} {ergonomic}
    uintx ProfiledCodeHeapSize                     = 122909434                              {pd product} {ergonomic}
    uintx ReservedCodeCacheSize                    = 251658240                              {pd product} {ergonomic}
     bool SegmentedCodeCache                       = true                                      {product} {ergonomic}
   size_t SoftMaxHeapSize                          = 4246732800                             {manageable} {ergonomic}
     bool UseCompressedClassPointers               = true                                 {lp64_product} {ergonomic}
     bool UseCompressedOops                        = true                                 {lp64_product} {ergonomic}
     bool UseG1GC                                  = true                                      {product} {ergonomic}
     bool UseLargePagesIndividualAllocation        = false                                  {pd product} {ergonomic}

Logging:
Log output configuration:
 #0: stdout all=warning uptime,level,tags
 #1: stderr all=off uptime,level,tags

Environment Variables:
JAVA_HOME=C:\Program Files\Java\jdk-11.0.12
PATH=C:\Program Files\Common Files\Oracle\Java\javapath;C:\Program Files (x86)\Common Files\Oracle\Java\javapath;C:\WINDOWS\system32;C:\WINDOWS;C:\WINDOWS\System32\Wbem;C:\WINDOWS\System32\WindowsPowerShell\v1.0\;C:\WINDOWS\System32\OpenSSH\;C:\dev\apache-maven-3.8.1\bin;C:\Program Files\Java\jdk-11.0.12\bin;C:\Program Files\Git\cmd;C:\Program Files\Docker\Docker\resources\bin;C:\ProgramData\DockerDesktop\version-bin;C:\Program Files\nodejs\;C:\dev\apache-maven-3.8.1\bin;C:\Program Files\MySQL\MySQL Shell 8.0\bin\;C:\Users\rogeriofontes\AppData\Local\Microsoft\WindowsApps;C:\Users\rogeriofontes\AppData\Roaming\npm;C:\Users\rogeriofontes\AppData\Local\Programs\Microsoft VS Code\bin
USERNAME=rogeriofontes
OS=Windows_NT
PROCESSOR_IDENTIFIER=Intel64 Family 6 Model 158 Stepping 10, GenuineIntel



---------------  S Y S T E M  ---------------

OS: Windows 10 , 64 bit Build 19041 (10.0.19041.1202)
HyperV virtualization detected

CPU:total 12 (initial active 12) (6 cores per cpu, 2 threads per core) family 6 model 158 stepping 10, cmov, cx8, fxsr, mmx, sse, sse2, sse3, ssse3, sse4.1, sse4.2, popcnt, avx, avx2, aes, clmul, erms, 3dnowpref, lzcnt, ht, tsc, tscinvbit, bmi1, bmi2, adx, fma

Memory: 4k page, system-wide physical 16196M (4403M free)
TotalPageFile size 46654M (AvailPageFile size 99M)
current process WorkingSet (physical memory assigned to process): 10M, peak: 10M
current process commit charge ("private bytes"): 65M, peak: 319M

vm_info: Java HotSpot(TM) 64-Bit Server VM (13.0.2+8) for windows-amd64 JRE (13.0.2+8), built on Dec 11 2019 09:20:33 by "mach5one" with unknown MS VC++:1916

END.
